[debug] [2020-05-21T07:31:24.136Z] ----------------------------------------------------------------------
[debug] [2020-05-21T07:31:24.144Z] Command:       D:\nodejs\node.exe C:\Users\G40\AppData\Roaming\npm\node_modules\firebase-tools\lib\bin\firebase.js login --no-localhost
[debug] [2020-05-21T07:31:24.145Z] CLI Version:   8.3.0
[debug] [2020-05-21T07:31:24.146Z] Platform:      win32
[debug] [2020-05-21T07:31:24.146Z] Node Version:  v12.14.1
[debug] [2020-05-21T07:31:24.150Z] Time:          Thu May 21 2020 14:31:24 GMT+0700 (GMT+07:00)
[debug] [2020-05-21T07:31:24.150Z] ----------------------------------------------------------------------
[debug] [2020-05-21T07:31:24.151Z] 
[info] i  Firebase optionally collects CLI usage and error reporting information to help improve our products. Data is collected in accordance with Google's privacy policy (https://policies.google.com/privacy) and is not used to identify you.
 
[info] i  To change your data collection preference at any time, run `firebase logout` and log in again. 
[info] 
[info] Visit this URL on any device to log in:
[info] https://accounts.google.com/o/oauth2/auth?client_id=563584335869-fgrhgmd47bqnekij5i8b5pr03ho849e6.apps.googleusercontent.com&scope=email%20openid%20https%3A%2F%2Fwww.googleapis.com%2Fauth%2Fcloudplatformprojects.readonly%20https%3A%2F%2Fwww.googleapis.com%2Fauth%2Ffirebase%20https%3A%2F%2Fwww.googleapis.com%2Fauth%2Fcloud-platform&response_type=code&state=731107911&redirect_uri=urn%3Aietf%3Awg%3Aoauth%3A2.0%3Aoob
[info] 
[debug] [2020-05-21T07:31:29.940Z] Error: spawn cmd ENOENT
    at Process.ChildProcess._handle.onexit (internal/child_process.js:264:19)
    at onErrorNT (internal/child_process.js:456:16)
    at processTicksAndRejections (internal/process/task_queues.js:81:21)
[error] 
[error] Error: An unexpected error has occurred.
